<?xml version="1.0" encoding="UTF-8"?>
<testsuite xmlns:xsi="http://www.w3.org/2001/XMLSchema-instance" xsi:noNamespaceSchemaLocation="https://maven.apache.org/surefire/maven-surefire-plugin/xsd/surefire-test-report.xsd" name="PersonTest" time="0.335" tests="3" errors="3" skipped="0" failures="0">
  <properties>
[...]
</properties>
  <testcase name="deletePersonTest" classname="PersonTest" time="0.032">
    <error message="java.net.ConnectException: В соединении отказано (Connection refused)" type="com.github.kevinsawicki.http.HttpRequest$HttpRequestException">com.github.kevinsawicki.http.HttpRequest$HttpRequestException: java.net.ConnectException: В соединении отказано (Connection refused)
	at PersonTest.deletePersonTest(PersonTest.java:61)
Caused by: java.net.ConnectException: В соединении отказано (Connection refused)
	at PersonTest.deletePersonTest(PersonTest.java:61)
</error>
  </testcase>
  <testcase name="updatePersonTest" classname="PersonTest" time="0.24">
    <error message="java.net.ConnectException: В соединении отказано (Connection refused)" type="com.github.kevinsawicki.http.HttpRequest$HttpRequestException">com.github.kevinsawicki.http.HttpRequest$HttpRequestException: java.net.ConnectException: В соединении отказано (Connection refused)
	at PersonTest.updatePersonTest(PersonTest.java:52)
Caused by: java.net.ConnectException: В соединении отказано (Connection refused)
	at PersonTest.updatePersonTest(PersonTest.java:52)
</error>
  </testcase>
  <testcase name="addPersonTest" classname="PersonTest" time="0.002">
    <error message="java.net.ConnectException: В соединении отказано (Connection refused)" type="com.github.kevinsawicki.http.HttpRequest$HttpRequestException">com.github.kevinsawicki.http.HttpRequest$HttpRequestException: java.net.ConnectException: В соединении отказано (Connection refused)
	at PersonTest.addPersonTest(PersonTest.java:17)
Caused by: java.net.ConnectException: В соединении отказано (Connection refused)
	at PersonTest.addPersonTest(PersonTest.java:17)
</error>
  </testcase>
</testsuite>